<?xml version="1.0" encoding="UTF-8"?>
<testng-results ignored="0" total="1" passed="1" failed="0" skipped="0">
  <reporter-output>
  </reporter-output>
  <suite started-at="2024-03-31T20:22:12 IST" name="Default suite" finished-at="2024-03-31T20:22:43 IST" duration-ms="30330">
    <groups>
    </groups>
    <test started-at="2024-03-31T20:22:12 IST" name="Default test" finished-at="2024-03-31T20:22:43 IST" duration-ms="30330">
      <class name="adityaSalesforceProject.checkAccountCreation">
        <test-method is-config="true" signature="beforeTest()[pri:0, instance:adityaSalesforceProject.checkAccountCreation@9f116cc]" started-at="2024-03-31T20:22:12 IST" name="beforeTest" finished-at="2024-03-31T20:22:25 IST" duration-ms="12894" status="PASS">
          <reporter-output>
          </reporter-output>
        </test-method> <!-- beforeTest -->
        <test-method signature="firstTest()[pri:0, instance:adityaSalesforceProject.checkAccountCreation@9f116cc]" started-at="2024-03-31T20:22:25 IST" name="firstTest" finished-at="2024-03-31T20:22:42 IST" duration-ms="17089" status="PASS">
          <reporter-output>
          </reporter-output>
        </test-method> <!-- firstTest -->
        <test-method is-config="true" signature="afterTest()[pri:0, instance:adityaSalesforceProject.checkAccountCreation@9f116cc]" started-at="2024-03-31T20:22:42 IST" name="afterTest" finished-at="2024-03-31T20:22:43 IST" duration-ms="284" status="PASS">
          <reporter-output>
          </reporter-output>
        </test-method> <!-- afterTest -->
      </class> <!-- adityaSalesforceProject.checkAccountCreation -->
    </test> <!-- Default test -->
  </suite> <!-- Default suite -->
</testng-results>
