<?xml version="1.0" encoding="UTF-8"?>
<testng-results ignored="0" total="1" passed="1" failed="0" skipped="0">
  <reporter-output>
  </reporter-output>
  <suite started-at="2024-04-12T05:04:15 IST" name="Default suite" finished-at="2024-04-12T05:04:44 IST" duration-ms="29261">
    <groups>
    </groups>
    <test started-at="2024-04-12T05:04:15 IST" name="Default test" finished-at="2024-04-12T05:04:44 IST" duration-ms="29261">
      <class name="adityaSalesforceProject.checkAccountCreation">
        <test-method is-config="true" signature="beforeTest()[pri:0, instance:adityaSalesforceProject.checkAccountCreation@2d7275fc]" started-at="2024-04-12T05:04:15 IST" name="beforeTest" finished-at="2024-04-12T05:04:27 IST" duration-ms="12951" status="PASS">
          <reporter-output>
          </reporter-output>
        </test-method> <!-- beforeTest -->
        <test-method signature="firstTest()[pri:0, instance:adityaSalesforceProject.checkAccountCreation@2d7275fc]" started-at="2024-04-12T05:04:28 IST" name="firstTest" finished-at="2024-04-12T05:04:43 IST" duration-ms="15247" status="PASS">
          <reporter-output>
          </reporter-output>
        </test-method> <!-- firstTest -->
        <test-method is-config="true" signature="afterTest()[pri:0, instance:adityaSalesforceProject.checkAccountCreation@2d7275fc]" started-at="2024-04-12T05:04:43 IST" name="afterTest" finished-at="2024-04-12T05:04:44 IST" duration-ms="1011" status="PASS">
          <reporter-output>
          </reporter-output>
        </test-method> <!-- afterTest -->
      </class> <!-- adityaSalesforceProject.checkAccountCreation -->
    </test> <!-- Default test -->
  </suite> <!-- Default suite -->
</testng-results>
